<?xml version="1.0" encoding="UTF-8"?>
<!-- Generated by org.testng.reporters.JUnitXMLReporter -->
<testsuite ignored="4" hostname="LTIN204090" failures="0" tests="13" name="ChromeTest" time="115.188" errors="0" timestamp="2024-02-28T13:34:10 IST">
  <testcase classname="testclasses.Tc1_UpcomingBikesTest" name="NewBikes" time="2.848"/>
  <testcase classname="testclasses.Tc1_UpcomingBikesTest" name="upcomingBikes" time="1.801"/>
  <testcase classname="testclasses.Tc1_UpcomingBikesTest" name="manufacturerType" time="9.836"/>
  <testcase classname="testclasses.Tc1_UpcomingBikesTest" name="scrollBikes" time="0.549"/>
  <testcase classname="testclasses.Tc1_UpcomingBikesTest" name="sortBikesPrices" time="13.492"/>
  <testcase classname="testclasses.Tc2_PopularCars" name="navigateHome" time="4.654"/>
  <testcase classname="testclasses.Tc2_PopularCars" name="hoverOnCars" time="1.759"/>
  <testcase classname="testclasses.Tc2_PopularCars" name="clickChennai" time="9.694"/>
  <testcase classname="testclasses.Tc2_PopularCars" name="getPopularCarsData" time="1.761"/>
  <testcase classname="testclasses.Tc3_LoginPage" name="loginPage" time="10.593"/>
  <testcase classname="testclasses.Tc3_LoginPage" name="signInWithGoogle" time="2.574"/>
  <testcase classname="testclasses.Tc3_LoginPage" name="setEmailData" time="5.606"/>
  <testcase classname="testclasses.Tc3_LoginPage" name="clickNext" time="6.983"/>
  <testcase classname="testbase.BaseClass" name="@BeforeTest driverSetUp" time="0.0">
    <ignored/>
  </testcase> <!-- @BeforeTest driverSetUp -->
  <testcase classname="testbase.BaseClass" name="@BeforeTest driverSetUp" time="0.0">
    <ignored/>
  </testcase> <!-- @BeforeTest driverSetUp -->
  <testcase classname="testbase.BaseClass" name="@AfterTest tearDown" time="0.0">
    <ignored/>
  </testcase> <!-- @AfterTest tearDown -->
  <testcase classname="testbase.BaseClass" name="@AfterTest tearDown" time="0.0">
    <ignored/>
  </testcase> <!-- @AfterTest tearDown -->
</testsuite> <!-- ChromeTest -->
